This file contains any messages produced by compilers while
running configure, to aid debugging if configure makes a mistake.

It was created by Atari800 configure 1.3.2, which was
generated by GNU Autoconf 2.59.  Invocation command line was

  $ ./configure --target=x11 --x-libraries=d:\xfree86\lib --x-includes=d:\xfree86\include --enable-diskled --disable-sound

## --------- ##
## Platform. ##
## --------- ##

hostname = localhost
uname -m = i386
uname -r = 2
uname -s = OS/2
uname -v = 2.45

/usr/bin/uname -p = unknown
/bin/uname -X     = unknown

/bin/arch              = unknown
/usr/bin/arch -k       = unknown
/usr/convex/getsysinfo = unknown
hostinfo               = unknown
/bin/machine           = unknown
/usr/bin/oslevel       = unknown
/bin/universe          = unknown

PATH: y:\usrin
PATH: y:\unixos2\emxin
PATH: y:\usr\localin
PATH: y:\unixos2in
PATH: c:\os2
PATH:  


## ----------- ##
## Core tests. ##
## ----------- ##

configure:1252: loading site script y:/unixos2/lib/config.site
| #!sh
| #
| # config.site
| #
| 
| cp -p $BLD_HOME/lib/aux/config.guess .
| cp -p $BLD_HOME/lib/aux/config.sub .
| cp -p $BLD_HOME/lib/aux/mkinstalldirs .
| 
| 
| SHELL=$UXRT/bin/sh
| #export EMXSHELL=$UXRT/bin/sh
| PERL=$UXRT/usr/bin/perl.exe
| M4=$BLD_HOME/bin/m4.exe
| EXPR=$BLD_HOME/bin/expr.exe
| INSTALL=$BLD_HOME/bin/install.exe
| 
| CC=gcc
| CXX=gcc
| AWK=awk
| LEX=flex
| RANLIB=echo
| YACC=yacc
| 
| export ac_executable_extensions=".exe"
| export ac_library_extensions=".lib"
| 
| #prefix=$UXRT/usr/local
| 
| #env
| 
configure:1302: creating cache /dev/null
configure:1461: checking build system type
configure:1479: result: i386-pc-os2-emx
configure:1487: checking host system type
configure:1501: result: i386-pc-os2-emx
configure:1663: checking for gcc
configure:1689: result: gcc
configure:1933: checking for C compiler version
configure:1936: gcc --version </dev/null >&5
2.8.1
configure:1939: $? = 0
configure:1941: gcc -v </dev/null >&5
Using builtin specs.
gcc version 2.8.1
configure:1944: $? = 0
configure:1946: gcc -V </dev/null >&5
gcc: argument to `-V' is missing
configure:1949: $? = 1
configure:1972: checking for C compiler default output file name
configure:1975: gcc    conftest.c  >&5
configure:1978: $? = 0
configure:2024: result: conftest.exe
configure:2029: checking whether the C compiler works
configure:2035: ./conftest.exe
configure:2038: $? = 0
configure:2055: result: yes
configure:2062: checking whether we are cross compiling
configure:2064: result: no
configure:2067: checking for suffix of executables
configure:2069: gcc -o conftest.exe    conftest.c  >&5
configure:2072: $? = 0
configure:2097: result: .exe
configure:2103: checking for suffix of object files
configure:2124: gcc -c   conftest.c >&5
configure:2127: $? = 0
configure:2149: result: o
configure:2153: checking whether we are using the GNU C compiler
configure:2177: gcc -c   conftest.c >&5
configure:2183: $? = 0
configure:2187: test -z 
                         || test ! -s conftest.err
configure:2190: $? = 0
configure:2193: test -s conftest.o
configure:2196: $? = 0
configure:2209: result: yes
configure:2215: checking whether gcc accepts -g
configure:2236: gcc -c  -g  conftest.c >&5
configure:2242: $? = 0
configure:2246: test -z 
                         || test ! -s conftest.err
configure:2249: $? = 0
configure:2252: test -s conftest.o
configure:2255: $? = 0
configure:2266: result: yes
configure:2283: checking for gcc option to accept ANSI C
configure:2353: gcc  -c -g -O2  conftest.c >&5
configure:2359: $? = 0
configure:2363: test -z 
                         || test ! -s conftest.err
configure:2366: $? = 0
configure:2369: test -s conftest.o
configure:2372: $? = 0
configure:2390: result: none needed
configure:2408: gcc -c -g -O2  conftest.c >&5
conftest.c:2: parse error before `me'
configure:2414: $? = 1
configure: failed program was:
| #ifndef __cplusplus
|   choke me
| #endif
configure:2560: checking for a BSD-compatible install
configure:2615: result: y:/unixos2/bin/install.exe
configure:2635: checking how to run the C preprocessor
configure:2670: gcc -E  conftest.c
configure:2676: $? = 0
configure:2708: gcc -E  conftest.c
conftest.c:9: ac_nonexistent.h: No such file or directory
configure:2714: $? = 1
configure: failed program was:
| /* confdefs.h.  */
| 
| #define PACKAGE_NAME "Atari800"
| #define PACKAGE_TARNAME "atari800"
| #define PACKAGE_VERSION "1.3.2"
| #define PACKAGE_STRING "Atari800 1.3.2"
| #define PACKAGE_BUGREPORT "pstehlik@sophics.cz"
| /* end confdefs.h.  */
| #include <ac_nonexistent.h>
configure:2753: result: gcc -E
configure:2777: gcc -E  conftest.c
configure:2783: $? = 0
configure:2815: gcc -E  conftest.c
conftest.c:9: ac_nonexistent.h: No such file or directory
configure:2821: $? = 1
configure: failed program was:
| /* confdefs.h.  */
| 
| #define PACKAGE_NAME "Atari800"
| #define PACKAGE_TARNAME "atari800"
| #define PACKAGE_VERSION "1.3.2"
| #define PACKAGE_STRING "Atari800 1.3.2"
| #define PACKAGE_BUGREPORT "pstehlik@sophics.cz"
| /* end confdefs.h.  */
| #include <ac_nonexistent.h>
configure:2865: checking for X
configure:3095: result: libraries d:\xfree86\lib, headers d:\xfree86\include
configure:3107: checking for dirent.h that defines DIR
configure:3131: gcc -c -g -O2  conftest.c >&5
configure:3137: $? = 0
configure:3141: test -z 
                         || test ! -s conftest.err
configure:3144: $? = 0
configure:3147: test -s conftest.o
configure:3150: $? = 0
configure:3161: result: yes
configure:3174: checking for library containing opendir
configure:3204: gcc -o conftest.exe -g -O2   conftest.c  >&5
configure:3210: $? = 0
configure:3214: test -z 
                         || test ! -s conftest.err
configure:3217: $? = 0
configure:3220: test -s conftest.exe
configure:3223: $? = 0
configure:3293: result: none required
configure:3429: checking for egrep
configure:3439: result: grep -E
configure:3444: checking for ANSI C header files
configure:3469: gcc -c -g -O2  conftest.c >&5
configure:3475: $? = 0
configure:3479: test -z 
                         || test ! -s conftest.err
configure:3482: $? = 0
configure:3485: test -s conftest.o
configure:3488: $? = 0
configure:3577: gcc -o conftest.exe -g -O2   conftest.c  >&5
configure:3580: $? = 0
configure:3582: ./conftest.exe
configure:3585: $? = 0
configure:3600: result: yes
configure:3624: checking for sys/types.h
configure:3640: gcc -c -g -O2  conftest.c >&5
configure:3646: $? = 0
configure:3650: test -z 
                         || test ! -s conftest.err
configure:3653: $? = 0
configure:3656: test -s conftest.o
configure:3659: $? = 0
configure:3670: result: yes
configure:3624: checking for sys/stat.h
configure:3640: gcc -c -g -O2  conftest.c >&5
configure:3646: $? = 0
configure:3650: test -z 
                         || test ! -s conftest.err
configure:3653: $? = 0
configure:3656: test -s conftest.o
configure:3659: $? = 0
configure:3670: result: yes
configure:3624: checking for stdlib.h
configure:3640: gcc -c -g -O2  conftest.c >&5
configure:3646: $? = 0
configure:3650: test -z 
                         || test ! -s conftest.err
configure:3653: $? = 0
configure:3656: test -s conftest.o
configure:3659: $? = 0
configure:3670: result: yes
configure:3624: checking for string.h
configure:3640: gcc -c -g -O2  conftest.c >&5
configure:3646: $? = 0
configure:3650: test -z 
                         || test ! -s conftest.err
configure:3653: $? = 0
configure:3656: test -s conftest.o
configure:3659: $? = 0
configure:3670: result: yes
configure:3624: checking for memory.h
configure:3640: gcc -c -g -O2  conftest.c >&5
configure:3646: $? = 0
configure:3650: test -z 
                         || test ! -s conftest.err
configure:3653: $? = 0
configure:3656: test -s conftest.o
configure:3659: $? = 0
configure:3670: result: yes
configure:3624: checking for strings.h
configure:3640: gcc -c -g -O2  conftest.c >&5
configure:3646: $? = 0
configure:3650: test -z 
                         || test ! -s conftest.err
configure:3653: $? = 0
configure:3656: test -s conftest.o
configure:3659: $? = 0
configure:3670: result: yes
configure:3624: checking for inttypes.h
configure:3640: gcc -c -g -O2  conftest.c >&5
conftest.c:52: inttypes.h: No such file or directory
configure:3646: $? = 1
configure: failed program was:
| /* confdefs.h.  */
| 
| #define PACKAGE_NAME "Atari800"
| #define PACKAGE_TARNAME "atari800"
| #define PACKAGE_VERSION "1.3.2"
| #define PACKAGE_STRING "Atari800 1.3.2"
| #define PACKAGE_BUGREPORT "pstehlik@sophics.cz"
| #define HAVE_DIRENT_H 1
| #define STDC_HEADERS 1
| #define HAVE_SYS_TYPES_H 1
| #define HAVE_SYS_STAT_H 1
| #define HAVE_STDLIB_H 1
| #define HAVE_STRING_H 1
| #define HAVE_MEMORY_H 1
| #define HAVE_STRINGS_H 1
| /* end confdefs.h.  */
| #include <stdio.h>
| #if HAVE_SYS_TYPES_H
| # include <sys/types.h>
| #endif
| #if HAVE_SYS_STAT_H
| # include <sys/stat.h>
| #endif
| #if STDC_HEADERS
| # include <stdlib.h>
| # include <stddef.h>
| #else
| # if HAVE_STDLIB_H
| #  include <stdlib.h>
| # endif
| #endif
| #if HAVE_STRING_H
| # if !STDC_HEADERS && HAVE_MEMORY_H
| #  include <memory.h>
| # endif
| # include <string.h>
| #endif
| #if HAVE_STRINGS_H
| # include <strings.h>
| #endif
| #if HAVE_INTTYPES_H
| # include <inttypes.h>
| #else
| # if HAVE_STDINT_H
| #  include <stdint.h>
| # endif
| #endif
| #if HAVE_UNISTD_H
| # include <unistd.h>
| #endif
| 
| #include <inttypes.h>
configure:3670: result: no
configure:3624: checking for stdint.h
configure:3640: gcc -c -g -O2  conftest.c >&5
conftest.c:52: stdint.h: No such file or directory
configure:3646: $? = 1
configure: failed program was:
| /* confdefs.h.  */
| 
| #define PACKAGE_NAME "Atari800"
| #define PACKAGE_TARNAME "atari800"
| #define PACKAGE_VERSION "1.3.2"
| #define PACKAGE_STRING "Atari800 1.3.2"
| #define PACKAGE_BUGREPORT "pstehlik@sophics.cz"
| #define HAVE_DIRENT_H 1
| #define STDC_HEADERS 1
| #define HAVE_SYS_TYPES_H 1
| #define HAVE_SYS_STAT_H 1
| #define HAVE_STDLIB_H 1
| #define HAVE_STRING_H 1
| #define HAVE_MEMORY_H 1
| #define HAVE_STRINGS_H 1
| /* end confdefs.h.  */
| #include <stdio.h>
| #if HAVE_SYS_TYPES_H
| # include <sys/types.h>
| #endif
| #if HAVE_SYS_STAT_H
| # include <sys/stat.h>
| #endif
| #if STDC_HEADERS
| # include <stdlib.h>
| # include <stddef.h>
| #else
| # if HAVE_STDLIB_H
| #  include <stdlib.h>
| # endif
| #endif
| #if HAVE_STRING_H
| # if !STDC_HEADERS && HAVE_MEMORY_H
| #  include <memory.h>
| # endif
| # include <string.h>
| #endif
| #if HAVE_STRINGS_H
| # include <strings.h>
| #endif
| #if HAVE_INTTYPES_H
| # include <inttypes.h>
| #else
| # if HAVE_STDINT_H
| #  include <stdint.h>
| # endif
| #endif
| #if HAVE_UNISTD_H
| # include <unistd.h>
| #endif
| 
| #include <stdint.h>
configure:3670: result: no
configure:3624: checking for unistd.h
configure:3640: gcc -c -g -O2  conftest.c >&5
configure:3646: $? = 0
configure:3650: test -z 
                         || test ! -s conftest.err
configure:3653: $? = 0
configure:3656: test -s conftest.o
configure:3659: $? = 0
configure:3670: result: yes
configure:3708: checking OS.h usability
configure:3720: gcc -c -g -O2  conftest.c >&5
conftest.c:52: OS.h: No such file or directory
configure:3726: $? = 1
configure: failed program was:
| /* confdefs.h.  */
| 
| #define PACKAGE_NAME "Atari800"
| #define PACKAGE_TARNAME "atari800"
| #define PACKAGE_VERSION "1.3.2"
| #define PACKAGE_STRING "Atari800 1.3.2"
| #define PACKAGE_BUGREPORT "pstehlik@sophics.cz"
| #define HAVE_DIRENT_H 1
| #define STDC_HEADERS 1
| #define HAVE_SYS_TYPES_H 1
| #define HAVE_SYS_STAT_H 1
| #define HAVE_STDLIB_H 1
| #define HAVE_STRING_H 1
| #define HAVE_MEMORY_H 1
| #define HAVE_STRINGS_H 1
| #define HAVE_UNISTD_H 1
| /* end confdefs.h.  */
| #include <stdio.h>
| #if HAVE_SYS_TYPES_H
| # include <sys/types.h>
| #endif
| #if HAVE_SYS_STAT_H
| # include <sys/stat.h>
| #endif
| #if STDC_HEADERS
| # include <stdlib.h>
| # include <stddef.h>
| #else
| # if HAVE_STDLIB_H
| #  include <stdlib.h>
| # endif
| #endif
| #if HAVE_STRING_H
| # if !STDC_HEADERS && HAVE_MEMORY_H
| #  include <memory.h>
| # endif
| # include <string.h>
| #endif
| #if HAVE_STRINGS_H
| # include <strings.h>
| #endif
| #if HAVE_INTTYPES_H
| # include <inttypes.h>
| #else
| # if HAVE_STDINT_H
| #  include <stdint.h>
| # endif
| #endif
| #if HAVE_UNISTD_H
| # include <unistd.h>
| #endif
| #include <OS.h>
configure:3749: result: no
configure:3753: checking OS.h presence
configure:3763: gcc -E  conftest.c
conftest.c:18: OS.h: No such file or directory
configure:3769: $? = 1
configure: failed program was:
| /* confdefs.h.  */
| 
| #define PACKAGE_NAME "Atari800"
| #define PACKAGE_TARNAME "atari800"
| #define PACKAGE_VERSION "1.3.2"
| #define PACKAGE_STRING "Atari800 1.3.2"
| #define PACKAGE_BUGREPORT "pstehlik@sophics.cz"
| #define HAVE_DIRENT_H 1
| #define STDC_HEADERS 1
| #define HAVE_SYS_TYPES_H 1
| #define HAVE_SYS_STAT_H 1
| #define HAVE_STDLIB_H 1
| #define HAVE_STRING_H 1
| #define HAVE_MEMORY_H 1
| #define HAVE_STRINGS_H 1
| #define HAVE_UNISTD_H 1
| /* end confdefs.h.  */
| #include <OS.h>
configure:3789: result: no
configure:3824: checking for OS.h
configure:3831: result: no
configure:3708: checking arpa/inet.h usability
configure:3720: gcc -c -g -O2  conftest.c >&5
In file included from conftest.c:52:
y:\unixos2\emx\include\arpa/inet.h:47: warning: `struct in_addr' declared inside parameter list
y:\unixos2\emx\include\arpa/inet.h:47: warning: its scope is only this definition or declaration,
y:\unixos2\emx\include\arpa/inet.h:47: warning: which is probably not what you want.
y:\unixos2\emx\include\arpa/inet.h:47: warning: parameter has incomplete type
y:\unixos2\emx\include\arpa/inet.h:49: warning: parameter has incomplete type
y:\unixos2\emx\include\arpa/inet.h:51: warning: parameter has incomplete type
configure:3726: $? = 0
configure:3730: test -z 
                         || test ! -s conftest.err
configure:3733: $? = 0
configure:3736: test -s conftest.o
configure:3739: $? = 0
configure:3749: result: yes
configure:3753: checking arpa/inet.h presence
configure:3763: gcc -E  conftest.c
configure:3769: $? = 0
configure:3789: result: yes
configure:3824: checking for arpa/inet.h
configure:3831: result: yes
configure:3708: checking fcntl.h usability
configure:3720: gcc -c -g -O2  conftest.c >&5
configure:3726: $? = 0
configure:3730: test -z 
                         || test ! -s conftest.err
configure:3733: $? = 0
configure:3736: test -s conftest.o
configure:3739: $? = 0
configure:3749: result: yes
configure:3753: checking fcntl.h presence
configure:3763: gcc -E  conftest.c
configure:3769: $? = 0
configure:3789: result: yes
configure:3824: checking for fcntl.h
configure:3831: result: yes
configure:3708: checking limits.h usability
configure:3720: gcc -c -g -O2  conftest.c >&5
configure:3726: $? = 0
configure:3730: test -z 
                         || test ! -s conftest.err
configure:3733: $? = 0
configure:3736: test -s conftest.o
configure:3739: $? = 0
configure:3749: result: yes
configure:3753: checking limits.h presence
configure:3763: gcc -E  conftest.c
configure:3769: $? = 0
configure:3789: result: yes
configure:3824: checking for limits.h
configure:3831: result: yes
configure:3708: checking netdb.h usability
configure:3720: gcc -c -g -O2  conftest.c >&5
configure:3726: $? = 0
configure:3730: test -z 
                         || test ! -s conftest.err
configure:3733: $? = 0
configure:3736: test -s conftest.o
configure:3739: $? = 0
configure:3749: result: yes
configure:3753: checking netdb.h presence
configure:3763: gcc -E  conftest.c
configure:3769: $? = 0
configure:3789: result: yes
configure:3824: checking for netdb.h
configure:3831: result: yes
configure:3708: checking netinet/in.h usability
configure:3720: gcc -c -g -O2  conftest.c >&5
configure:3726: $? = 0
configure:3730: test -z 
                         || test ! -s conftest.err
configure:3733: $? = 0
configure:3736: test -s conftest.o
configure:3739: $? = 0
configure:3749: result: yes
configure:3753: checking netinet/in.h presence
configure:3763: gcc -E  conftest.c
configure:3769: $? = 0
configure:3789: result: yes
configure:3824: checking for netinet/in.h
configure:3831: result: yes
configure:3699: checking for stdlib.h
configure:3704: result: yes
configure:3699: checking for string.h
configure:3704: result: yes
configure:3699: checking for strings.h
configure:3704: result: yes
configure:3708: checking sys/ioctl.h usability
configure:3720: gcc -c -g -O2  conftest.c >&5
configure:3726: $? = 0
configure:3730: test -z 
                         || test ! -s conftest.err
configure:3733: $? = 0
configure:3736: test -s conftest.o
configure:3739: $? = 0
configure:3749: result: yes
configure:3753: checking sys/ioctl.h presence
configure:3763: gcc -E  conftest.c
configure:3769: $? = 0
configure:3789: result: yes
configure:3824: checking for sys/ioctl.h
configure:3831: result: yes
configure:3708: checking sys/socket.h usability
configure:3720: gcc -c -g -O2  conftest.c >&5
configure:3726: $? = 0
configure:3730: test -z 
                         || test ! -s conftest.err
configure:3733: $? = 0
configure:3736: test -s conftest.o
configure:3739: $? = 0
configure:3749: result: yes
configure:3753: checking sys/socket.h presence
configure:3763: gcc -E  conftest.c
In file included from conftest.c:27:
y:\unixos2\emx\include\sys/socket.h:42: warning: #warning <sys/socket.h> requires <sys/types.h>
configure:3769: $? = 0
configure:3789: result: yes
configure:3824: checking for sys/socket.h
configure:3831: result: yes
configure:3708: checking sys/time.h usability
configure:3720: gcc -c -g -O2  conftest.c >&5
configure:3726: $? = 0
configure:3730: test -z 
                         || test ! -s conftest.err
configure:3733: $? = 0
configure:3736: test -s conftest.o
configure:3739: $? = 0
configure:3749: result: yes
configure:3753: checking sys/time.h presence
configure:3763: gcc -E  conftest.c
configure:3769: $? = 0
configure:3789: result: yes
configure:3824: checking for sys/time.h
configure:3831: result: yes
configure:3699: checking for unistd.h
configure:3704: result: yes
configure:3847: checking for an ANSI C-conforming const
configure:3914: gcc -c -g -O2  conftest.c >&5
configure:3920: $? = 0
configure:3924: test -z 
                         || test ! -s conftest.err
configure:3927: $? = 0
configure:3930: test -s conftest.o
configure:3933: $? = 0
configure:3944: result: yes
configure:3954: checking for inline
configure:3975: gcc -c -g -O2  conftest.c >&5
configure:3981: $? = 0
configure:3985: test -z 
                         || test ! -s conftest.err
configure:3988: $? = 0
configure:3991: test -s conftest.o
configure:3994: $? = 0
configure:4006: result: inline
configure:4025: checking for size_t
configure:4049: gcc -c -g -O2  conftest.c >&5
configure:4055: $? = 0
configure:4059: test -z 
                         || test ! -s conftest.err
configure:4062: $? = 0
configure:4065: test -s conftest.o
configure:4068: $? = 0
configure:4079: result: yes
configure:4091: checking whether time.h and sys/time.h may both be included
configure:4116: gcc -c -g -O2  conftest.c >&5
configure:4122: $? = 0
configure:4126: test -z 
                         || test ! -s conftest.err
configure:4129: $? = 0
configure:4132: test -s conftest.o
configure:4135: $? = 0
configure:4146: result: yes
configure:4156: checking whether struct tm is in sys/time.h or time.h
configure:4179: gcc -c -g -O2  conftest.c >&5
configure:4185: $? = 0
configure:4189: test -z 
                         || test ! -s conftest.err
configure:4192: $? = 0
configure:4195: test -s conftest.o
configure:4198: $? = 0
configure:4209: result: time.h
configure:4219: checking for working volatile
configure:4242: gcc -c -g -O2  conftest.c >&5
configure:4248: $? = 0
configure:4252: test -z 
                         || test ! -s conftest.err
configure:4255: $? = 0
configure:4258: test -s conftest.o
configure:4261: $? = 0
configure:4272: result: yes
configure:6079: checking for X
configure:6310: result: libraries d:\xfree86\lib, headers d:\xfree86\include
configure:6327: checking for main in -lX11
configure:6353: gcc -o conftest.exe -g -O2 -Id:\xfree86\include   -Ld:\xfree86\lib conftest.c  >&5
conftest.c:32: x11.h: No such file or directory
configure:6364: $? = 1
configure: failed program was:
| /* confdefs.h.  */
| 
| #define PACKAGE_NAME "Atari800"
| #define PACKAGE_TARNAME "atari800"
| #define PACKAGE_VERSION "1.3.2"
| #define PACKAGE_STRING "Atari800 1.3.2"
| #define PACKAGE_BUGREPORT "pstehlik@sophics.cz"
| #define HAVE_DIRENT_H 1
| #define STDC_HEADERS 1
| #define HAVE_SYS_TYPES_H 1
| #define HAVE_SYS_STAT_H 1
| #define HAVE_STDLIB_H 1
| #define HAVE_STRING_H 1
| #define HAVE_MEMORY_H 1
| #define HAVE_STRINGS_H 1
| #define HAVE_UNISTD_H 1
| #define HAVE_ARPA_INET_H 1
| #define HAVE_FCNTL_H 1
| #define HAVE_LIMITS_H 1
| #define HAVE_NETDB_H 1
| #define HAVE_NETINET_IN_H 1
| #define HAVE_STDLIB_H 1
| #define HAVE_STRING_H 1
| #define HAVE_STRINGS_H 1
| #define HAVE_SYS_IOCTL_H 1
| #define HAVE_SYS_SOCKET_H 1
| #define HAVE_SYS_TIME_H 1
| #define HAVE_UNISTD_H 1
| #define TIME_WITH_SYS_TIME 1
| #define X11
| /* end confdefs.h.  */
| #include <x11.h>
| 
| int
| main ()
| {
| main ();
|   ;
|   return 0;
| }
configure:6409: gcc -o conftest.exe -g -O2 -Id:\xfree86\include   -Ld:\xfree86\lib conftest.c -lX11   >&5
configure:6415: $? = 0
configure:6419: test -z 
                         || test ! -s conftest.err
configure:6422: $? = 0
configure:6425: test -s conftest.exe
configure:6428: $? = 0
configure:6444: result: yes
configure:7392: checking whether closedir returns void
configure:7421: gcc -o conftest.exe -g -O2 -Id:\xfree86\include   -Ld:\xfree86\lib conftest.c -lX11  >&5
configure:7424: $? = 0
configure:7426: ./conftest.exe
configure:7429: $? = 0
configure:7443: result: no
configure:7454: checking whether gcc needs -traditional
configure:7496: result: no
configure:7508: checking for stdlib.h
configure:7513: result: yes
configure:7653: checking for GNU libc compatible malloc
configure:7682: gcc -o conftest.exe -g -O2 -Id:\xfree86\include   -Ld:\xfree86\lib conftest.c -lX11  >&5
configure:7685: $? = 0
configure:7687: ./conftest.exe
configure:7690: $? = 0
configure:7704: result: yes
configure:7749: checking sys/select.h usability
configure:7761: gcc -c -g -O2 -Id:\xfree86\include  conftest.c >&5
configure:7767: $? = 0
configure:7771: test -z 
                         || test ! -s conftest.err
configure:7774: $? = 0
configure:7777: test -s conftest.o
configure:7780: $? = 0
configure:7790: result: yes
configure:7794: checking sys/select.h presence
configure:7804: gcc -E  conftest.c
configure:7810: $? = 0
configure:7830: result: yes
configure:7865: checking for sys/select.h
configure:7872: result: yes
configure:7740: checking for sys/socket.h
configure:7745: result: yes
configure:7885: checking types of arguments for select
configure:7918: gcc -c -g -O2 -Id:\xfree86\include  conftest.c >&5
configure:7924: $? = 0
configure:7928: test -z 
                         || test ! -s conftest.err
configure:7931: $? = 0
configure:7934: test -s conftest.o
configure:7937: $? = 0
configure:7953: result: int,fd_set *,struct timeval *
configure:7976: checking return type of signal handlers
configure:8007: gcc -c -g -O2 -Id:\xfree86\include  conftest.c >&5
configure:8013: $? = 0
configure:8017: test -z 
                         || test ! -s conftest.err
configure:8020: $? = 0
configure:8023: test -s conftest.o
configure:8026: $? = 0
configure:8037: result: void
configure:8045: checking whether lstat dereferences a symlink specified with a trailing slash
configure:8105: result: no
configure:8126: checking whether stat accepts an empty string
configure:8151: gcc -o conftest.exe -g -O2 -Id:\xfree86\include   -Ld:\xfree86\lib conftest.c -lX11  >&5
configure:8154: $? = 0
configure:8156: ./conftest.exe
configure:8159: $? = 1
configure: program exited with status 1
configure: failed program was:
| /* confdefs.h.  */
| 
| #define PACKAGE_NAME "Atari800"
| #define PACKAGE_TARNAME "atari800"
| #define PACKAGE_VERSION "1.3.2"
| #define PACKAGE_STRING "Atari800 1.3.2"
| #define PACKAGE_BUGREPORT "pstehlik@sophics.cz"
| #define HAVE_DIRENT_H 1
| #define STDC_HEADERS 1
| #define HAVE_SYS_TYPES_H 1
| #define HAVE_SYS_STAT_H 1
| #define HAVE_STDLIB_H 1
| #define HAVE_STRING_H 1
| #define HAVE_MEMORY_H 1
| #define HAVE_STRINGS_H 1
| #define HAVE_UNISTD_H 1
| #define HAVE_ARPA_INET_H 1
| #define HAVE_FCNTL_H 1
| #define HAVE_LIMITS_H 1
| #define HAVE_NETDB_H 1
| #define HAVE_NETINET_IN_H 1
| #define HAVE_STDLIB_H 1
| #define HAVE_STRING_H 1
| #define HAVE_STRINGS_H 1
| #define HAVE_SYS_IOCTL_H 1
| #define HAVE_SYS_SOCKET_H 1
| #define HAVE_SYS_TIME_H 1
| #define HAVE_UNISTD_H 1
| #define TIME_WITH_SYS_TIME 1
| #define X11
| #define HAVE_LIBX11 1
| #define HAVE_STDLIB_H 1
| #define HAVE_MALLOC 1
| #define HAVE_SYS_SELECT_H 1
| #define HAVE_SYS_SOCKET_H 1
| #define SELECT_TYPE_ARG1 int
| #define SELECT_TYPE_ARG234 (fd_set *)
| #define SELECT_TYPE_ARG5 (struct timeval *)
| #define RETSIGTYPE void
| /* end confdefs.h.  */
| #include <stdio.h>
| #if HAVE_SYS_TYPES_H
| # include <sys/types.h>
| #endif
| #if HAVE_SYS_STAT_H
| # include <sys/stat.h>
| #endif
| #if STDC_HEADERS
| # include <stdlib.h>
| # include <stddef.h>
| #else
| # if HAVE_STDLIB_H
| #  include <stdlib.h>
| # endif
| #endif
| #if HAVE_STRING_H
| # if !STDC_HEADERS && HAVE_MEMORY_H
| #  include <memory.h>
| # endif
| # include <string.h>
| #endif
| #if HAVE_STRINGS_H
| # include <strings.h>
| #endif
| #if HAVE_INTTYPES_H
| # include <inttypes.h>
| #else
| # if HAVE_STDINT_H
| #  include <stdint.h>
| # endif
| #endif
| #if HAVE_UNISTD_H
| # include <unistd.h>
| #endif
| int
| main ()
| {
| struct stat sbuf;
|   exit (stat ("", &sbuf) ? 1 : 0);
|   ;
|   return 0;
| }
configure:8173: result: no
configure:8195: checking for vprintf
configure:8252: gcc -o conftest.exe -g -O2 -Id:\xfree86\include   -Ld:\xfree86\lib conftest.c -lX11  >&5
configure:8258: $? = 0
configure:8262: test -z 
                         || test ! -s conftest.err
configure:8265: $? = 0
configure:8268: test -s conftest.exe
configure:8271: $? = 0
configure:8283: result: yes
configure:8290: checking for _doprnt
configure:8347: gcc -o conftest.exe -g -O2 -Id:\xfree86\include   -Ld:\xfree86\lib conftest.c -lX11  >&5
conftest.c:82 (y:\tmp\ccc57338): Undefined symbol __doprnt referenced from text segment
y:\tmp\ccc57338: Undefined symbol __doprnt referenced from data segment
configure:8353: $? = 1
configure: failed program was:
| /* confdefs.h.  */
| 
| #define PACKAGE_NAME "Atari800"
| #define PACKAGE_TARNAME "atari800"
| #define PACKAGE_VERSION "1.3.2"
| #define PACKAGE_STRING "Atari800 1.3.2"
| #define PACKAGE_BUGREPORT "pstehlik@sophics.cz"
| #define HAVE_DIRENT_H 1
| #define STDC_HEADERS 1
| #define HAVE_SYS_TYPES_H 1
| #define HAVE_SYS_STAT_H 1
| #define HAVE_STDLIB_H 1
| #define HAVE_STRING_H 1
| #define HAVE_MEMORY_H 1
| #define HAVE_STRINGS_H 1
| #define HAVE_UNISTD_H 1
| #define HAVE_ARPA_INET_H 1
| #define HAVE_FCNTL_H 1
| #define HAVE_LIMITS_H 1
| #define HAVE_NETDB_H 1
| #define HAVE_NETINET_IN_H 1
| #define HAVE_STDLIB_H 1
| #define HAVE_STRING_H 1
| #define HAVE_STRINGS_H 1
| #define HAVE_SYS_IOCTL_H 1
| #define HAVE_SYS_SOCKET_H 1
| #define HAVE_SYS_TIME_H 1
| #define HAVE_UNISTD_H 1
| #define TIME_WITH_SYS_TIME 1
| #define X11
| #define HAVE_LIBX11 1
| #define HAVE_STDLIB_H 1
| #define HAVE_MALLOC 1
| #define HAVE_SYS_SELECT_H 1
| #define HAVE_SYS_SOCKET_H 1
| #define SELECT_TYPE_ARG1 int
| #define SELECT_TYPE_ARG234 (fd_set *)
| #define SELECT_TYPE_ARG5 (struct timeval *)
| #define RETSIGTYPE void
| #define HAVE_VPRINTF 1
| /* end confdefs.h.  */
| /* Define _doprnt to an innocuous variant, in case <limits.h> declares _doprnt.
|    For example, HP-UX 11i <limits.h> declares gettimeofday.  */
| #define _doprnt innocuous__doprnt
| 
| /* System header to define __stub macros and hopefully few prototypes,
|     which can conflict with char _doprnt (); below.
|     Prefer <limits.h> to <assert.h> if __STDC__ is defined, since
|     <limits.h> exists even on freestanding compilers.  */
| 
| #ifdef __STDC__
| # include <limits.h>
| #else
| # include <assert.h>
| #endif
| 
| #undef _doprnt
| 
| /* Override any gcc2 internal prototype to avoid an error.  */
| #ifdef __cplusplus
| extern "C"
| {
| #endif
| /* We use char because int might match the return type of a gcc2
|    builtin and then its argument prototype would still apply.  */
| char _doprnt ();
| /* The GNU C library defines this for functions which it implements
|     to always fail with ENOSYS.  Some functions are actually named
|     something starting with __ and the normal name is an alias.  */
| #if defined (__stub__doprnt) || defined (__stub____doprnt)
| choke me
| #else
| char (*f) () = _doprnt;
| #endif
| #ifdef __cplusplus
| }
| #endif
| 
| int
| main ()
| {
| return f != _doprnt;
|   ;
|   return 0;
| }
configure:8378: result: no
configure:8416: checking for atexit
configure:8473: gcc -o conftest.exe -g -O2 -Id:\xfree86\include   -Ld:\xfree86\lib conftest.c -lX11  >&5
configure:8479: $? = 0
configure:8483: test -z 
                         || test ! -s conftest.err
configure:8486: $? = 0
configure:8489: test -s conftest.exe
configure:8492: $? = 0
configure:8504: result: yes
configure:8416: checking for floor
configure:8473: gcc -o conftest.exe -g -O2 -Id:\xfree86\include   -Ld:\xfree86\lib conftest.c -lX11  >&5
configure:8479: $? = 0
configure:8483: test -z 
                         || test ! -s conftest.err
configure:8486: $? = 0
configure:8489: test -s conftest.exe
configure:8492: $? = 0
configure:8504: result: yes
configure:8416: checking for getcwd
configure:8473: gcc -o conftest.exe -g -O2 -Id:\xfree86\include   -Ld:\xfree86\lib conftest.c -lX11  >&5
configure:8479: $? = 0
configure:8483: test -z 
                         || test ! -s conftest.err
configure:8486: $? = 0
configure:8489: test -s conftest.exe
configure:8492: $? = 0
configure:8504: result: yes
configure:8416: checking for gethostbyaddr
configure:8473: gcc -o conftest.exe -g -O2 -Id:\xfree86\include   -Ld:\xfree86\lib conftest.c -lX11  >&5
conftest.c:85 (y:\tmp\ccc57504): Undefined symbol _gethostbyaddr referenced from text segment
y:\tmp\ccc57504: Undefined symbol _gethostbyaddr referenced from data segment
configure:8479: $? = 1
configure: failed program was:
| /* confdefs.h.  */
| 
| #define PACKAGE_NAME "Atari800"
| #define PACKAGE_TARNAME "atari800"
| #define PACKAGE_VERSION "1.3.2"
| #define PACKAGE_STRING "Atari800 1.3.2"
| #define PACKAGE_BUGREPORT "pstehlik@sophics.cz"
| #define HAVE_DIRENT_H 1
| #define STDC_HEADERS 1
| #define HAVE_SYS_TYPES_H 1
| #define HAVE_SYS_STAT_H 1
| #define HAVE_STDLIB_H 1
| #define HAVE_STRING_H 1
| #define HAVE_MEMORY_H 1
| #define HAVE_STRINGS_H 1
| #define HAVE_UNISTD_H 1
| #define HAVE_ARPA_INET_H 1
| #define HAVE_FCNTL_H 1
| #define HAVE_LIMITS_H 1
| #define HAVE_NETDB_H 1
| #define HAVE_NETINET_IN_H 1
| #define HAVE_STDLIB_H 1
| #define HAVE_STRING_H 1
| #define HAVE_STRINGS_H 1
| #define HAVE_SYS_IOCTL_H 1
| #define HAVE_SYS_SOCKET_H 1
| #define HAVE_SYS_TIME_H 1
| #define HAVE_UNISTD_H 1
| #define TIME_WITH_SYS_TIME 1
| #define X11
| #define HAVE_LIBX11 1
| #define HAVE_STDLIB_H 1
| #define HAVE_MALLOC 1
| #define HAVE_SYS_SELECT_H 1
| #define HAVE_SYS_SOCKET_H 1
| #define SELECT_TYPE_ARG1 int
| #define SELECT_TYPE_ARG234 (fd_set *)
| #define SELECT_TYPE_ARG5 (struct timeval *)
| #define RETSIGTYPE void
| #define HAVE_VPRINTF 1
| #define HAVE_ATEXIT 1
| #define HAVE_FLOOR 1
| #define HAVE_GETCWD 1
| /* end confdefs.h.  */
| /* Define gethostbyaddr to an innocuous variant, in case <limits.h> declares gethostbyaddr.
|    For example, HP-UX 11i <limits.h> declares gettimeofday.  */
| #define gethostbyaddr innocuous_gethostbyaddr
| 
| /* System header to define __stub macros and hopefully few prototypes,
|     which can conflict with char gethostbyaddr (); below.
|     Prefer <limits.h> to <assert.h> if __STDC__ is defined, since
|     <limits.h> exists even on freestanding compilers.  */
| 
| #ifdef __STDC__
| # include <limits.h>
| #else
| # include <assert.h>
| #endif
| 
| #undef gethostbyaddr
| 
| /* Override any gcc2 internal prototype to avoid an error.  */
| #ifdef __cplusplus
| extern "C"
| {
| #endif
| /* We use char because int might match the return type of a gcc2
|    builtin and then its argument prototype would still apply.  */
| char gethostbyaddr ();
| /* The GNU C library defines this for functions which it implements
|     to always fail with ENOSYS.  Some functions are actually named
|     something starting with __ and the normal name is an alias.  */
| #if defined (__stub_gethostbyaddr) || defined (__stub___gethostbyaddr)
| choke me
| #else
| char (*f) () = gethostbyaddr;
| #endif
| #ifdef __cplusplus
| }
| #endif
| 
| int
| main ()
| {
| return f != gethostbyaddr;
|   ;
|   return 0;
| }
configure:8504: result: no
configure:8416: checking for gethostbyname
configure:8473: gcc -o conftest.exe -g -O2 -Id:\xfree86\include   -Ld:\xfree86\lib conftest.c -lX11  >&5
conftest.c:85 (y:\tmp\ccc57538): Undefined symbol _gethostbyname referenced from text segment
y:\tmp\ccc57538: Undefined symbol _gethostbyname referenced from data segment
configure:8479: $? = 1
configure: failed program was:
| /* confdefs.h.  */
| 
| #define PACKAGE_NAME "Atari800"
| #define PACKAGE_TARNAME "atari800"
| #define PACKAGE_VERSION "1.3.2"
| #define PACKAGE_STRING "Atari800 1.3.2"
| #define PACKAGE_BUGREPORT "pstehlik@sophics.cz"
| #define HAVE_DIRENT_H 1
| #define STDC_HEADERS 1
| #define HAVE_SYS_TYPES_H 1
| #define HAVE_SYS_STAT_H 1
| #define HAVE_STDLIB_H 1
| #define HAVE_STRING_H 1
| #define HAVE_MEMORY_H 1
| #define HAVE_STRINGS_H 1
| #define HAVE_UNISTD_H 1
| #define HAVE_ARPA_INET_H 1
| #define HAVE_FCNTL_H 1
| #define HAVE_LIMITS_H 1
| #define HAVE_NETDB_H 1
| #define HAVE_NETINET_IN_H 1
| #define HAVE_STDLIB_H 1
| #define HAVE_STRING_H 1
| #define HAVE_STRINGS_H 1
| #define HAVE_SYS_IOCTL_H 1
| #define HAVE_SYS_SOCKET_H 1
| #define HAVE_SYS_TIME_H 1
| #define HAVE_UNISTD_H 1
| #define TIME_WITH_SYS_TIME 1
| #define X11
| #define HAVE_LIBX11 1
| #define HAVE_STDLIB_H 1
| #define HAVE_MALLOC 1
| #define HAVE_SYS_SELECT_H 1
| #define HAVE_SYS_SOCKET_H 1
| #define SELECT_TYPE_ARG1 int
| #define SELECT_TYPE_ARG234 (fd_set *)
| #define SELECT_TYPE_ARG5 (struct timeval *)
| #define RETSIGTYPE void
| #define HAVE_VPRINTF 1
| #define HAVE_ATEXIT 1
| #define HAVE_FLOOR 1
| #define HAVE_GETCWD 1
| /* end confdefs.h.  */
| /* Define gethostbyname to an innocuous variant, in case <limits.h> declares gethostbyname.
|    For example, HP-UX 11i <limits.h> declares gettimeofday.  */
| #define gethostbyname innocuous_gethostbyname
| 
| /* System header to define __stub macros and hopefully few prototypes,
|     which can conflict with char gethostbyname (); below.
|     Prefer <limits.h> to <assert.h> if __STDC__ is defined, since
|     <limits.h> exists even on freestanding compilers.  */
| 
| #ifdef __STDC__
| # include <limits.h>
| #else
| # include <assert.h>
| #endif
| 
| #undef gethostbyname
| 
| /* Override any gcc2 internal prototype to avoid an error.  */
| #ifdef __cplusplus
| extern "C"
| {
| #endif
| /* We use char because int might match the return type of a gcc2
|    builtin and then its argument prototype would still apply.  */
| char gethostbyname ();
| /* The GNU C library defines this for functions which it implements
|     to always fail with ENOSYS.  Some functions are actually named
|     something starting with __ and the normal name is an alias.  */
| #if defined (__stub_gethostbyname) || defined (__stub___gethostbyname)
| choke me
| #else
| char (*f) () = gethostbyname;
| #endif
| #ifdef __cplusplus
| }
| #endif
| 
| int
| main ()
| {
| return f != gethostbyname;
|   ;
|   return 0;
| }
configure:8504: result: no
configure:8416: checking for gettimeofday
configure:8473: gcc -o conftest.exe -g -O2 -Id:\xfree86\include   -Ld:\xfree86\lib conftest.c -lX11  >&5
configure:8479: $? = 0
configure:8483: test -z 
                         || test ! -s conftest.err
configure:8486: $? = 0
configure:8489: test -s conftest.exe
configure:8492: $? = 0
configure:8504: result: yes
configure:8416: checking for inet_ntoa
configure:8473: gcc -o conftest.exe -g -O2 -Id:\xfree86\include   -Ld:\xfree86\lib conftest.c -lX11  >&5
conftest.c:86 (y:\tmp\ccc57617): Undefined symbol _inet_ntoa referenced from text segment
y:\tmp\ccc57617: Undefined symbol _inet_ntoa referenced from data segment
configure:8479: $? = 1
configure: failed program was:
| /* confdefs.h.  */
| 
| #define PACKAGE_NAME "Atari800"
| #define PACKAGE_TARNAME "atari800"
| #define PACKAGE_VERSION "1.3.2"
| #define PACKAGE_STRING "Atari800 1.3.2"
| #define PACKAGE_BUGREPORT "pstehlik@sophics.cz"
| #define HAVE_DIRENT_H 1
| #define STDC_HEADERS 1
| #define HAVE_SYS_TYPES_H 1
| #define HAVE_SYS_STAT_H 1
| #define HAVE_STDLIB_H 1
| #define HAVE_STRING_H 1
| #define HAVE_MEMORY_H 1
| #define HAVE_STRINGS_H 1
| #define HAVE_UNISTD_H 1
| #define HAVE_ARPA_INET_H 1
| #define HAVE_FCNTL_H 1
| #define HAVE_LIMITS_H 1
| #define HAVE_NETDB_H 1
| #define HAVE_NETINET_IN_H 1
| #define HAVE_STDLIB_H 1
| #define HAVE_STRING_H 1
| #define HAVE_STRINGS_H 1
| #define HAVE_SYS_IOCTL_H 1
| #define HAVE_SYS_SOCKET_H 1
| #define HAVE_SYS_TIME_H 1
| #define HAVE_UNISTD_H 1
| #define TIME_WITH_SYS_TIME 1
| #define X11
| #define HAVE_LIBX11 1
| #define HAVE_STDLIB_H 1
| #define HAVE_MALLOC 1
| #define HAVE_SYS_SELECT_H 1
| #define HAVE_SYS_SOCKET_H 1
| #define SELECT_TYPE_ARG1 int
| #define SELECT_TYPE_ARG234 (fd_set *)
| #define SELECT_TYPE_ARG5 (struct timeval *)
| #define RETSIGTYPE void
| #define HAVE_VPRINTF 1
| #define HAVE_ATEXIT 1
| #define HAVE_FLOOR 1
| #define HAVE_GETCWD 1
| #define HAVE_GETTIMEOFDAY 1
| /* end confdefs.h.  */
| /* Define inet_ntoa to an innocuous variant, in case <limits.h> declares inet_ntoa.
|    For example, HP-UX 11i <limits.h> declares gettimeofday.  */
| #define inet_ntoa innocuous_inet_ntoa
| 
| /* System header to define __stub macros and hopefully few prototypes,
|     which can conflict with char inet_ntoa (); below.
|     Prefer <limits.h> to <assert.h> if __STDC__ is defined, since
|     <limits.h> exists even on freestanding compilers.  */
| 
| #ifdef __STDC__
| # include <limits.h>
| #else
| # include <assert.h>
| #endif
| 
| #undef inet_ntoa
| 
| /* Override any gcc2 internal prototype to avoid an error.  */
| #ifdef __cplusplus
| extern "C"
| {
| #endif
| /* We use char because int might match the return type of a gcc2
|    builtin and then its argument prototype would still apply.  */
| char inet_ntoa ();
| /* The GNU C library defines this for functions which it implements
|     to always fail with ENOSYS.  Some functions are actually named
|     something starting with __ and the normal name is an alias.  */
| #if defined (__stub_inet_ntoa) || defined (__stub___inet_ntoa)
| choke me
| #else
| char (*f) () = inet_ntoa;
| #endif
| #ifdef __cplusplus
| }
| #endif
| 
| int
| main ()
| {
| return f != inet_ntoa;
|   ;
|   return 0;
| }
configure:8504: result: no
configure:8416: checking for memset
configure:8473: gcc -o conftest.exe -g -O2 -Id:\xfree86\include   -Ld:\xfree86\lib conftest.c -lX11  >&5
conftest.c:70: warning: conflicting types for built-in function `memset'
configure:8479: $? = 0
configure:8483: test -z 
                         || test ! -s conftest.err
configure:8486: $? = 0
configure:8489: test -s conftest.exe
configure:8492: $? = 0
configure:8504: result: yes
configure:8416: checking for mkdir
configure:8473: gcc -o conftest.exe -g -O2 -Id:\xfree86\include   -Ld:\xfree86\lib conftest.c -lX11  >&5
configure:8479: $? = 0
configure:8483: test -z 
                         || test ! -s conftest.err
configure:8486: $? = 0
configure:8489: test -s conftest.exe
configure:8492: $? = 0
configure:8504: result: yes
configure:8416: checking for modf
configure:8473: gcc -o conftest.exe -g -O2 -Id:\xfree86\include   -Ld:\xfree86\lib conftest.c -lX11  >&5
configure:8479: $? = 0
configure:8483: test -z 
                         || test ! -s conftest.err
configure:8486: $? = 0
configure:8489: test -s conftest.exe
configure:8492: $? = 0
configure:8504: result: yes
configure:8416: checking for rmdir
configure:8473: gcc -o conftest.exe -g -O2 -Id:\xfree86\include   -Ld:\xfree86\lib conftest.c -lX11  >&5
configure:8479: $? = 0
configure:8483: test -z 
                         || test ! -s conftest.err
configure:8486: $? = 0
configure:8489: test -s conftest.exe
configure:8492: $? = 0
configure:8504: result: yes
configure:8416: checking for select
configure:8473: gcc -o conftest.exe -g -O2 -Id:\xfree86\include   -Ld:\xfree86\lib conftest.c -lX11  >&5
configure:8479: $? = 0
configure:8483: test -z 
                         || test ! -s conftest.err
configure:8486: $? = 0
configure:8489: test -s conftest.exe
configure:8492: $? = 0
configure:8504: result: yes
configure:8416: checking for socket
configure:8473: gcc -o conftest.exe -g -O2 -Id:\xfree86\include   -Ld:\xfree86\lib conftest.c -lX11  >&5
conftest.c:91 (y:\tmp\ccc57876): Undefined symbol _socket referenced from text segment
y:\tmp\ccc57876: Undefined symbol _socket referenced from data segment
configure:8479: $? = 1
configure: failed program was:
| /* confdefs.h.  */
| 
| #define PACKAGE_NAME "Atari800"
| #define PACKAGE_TARNAME "atari800"
| #define PACKAGE_VERSION "1.3.2"
| #define PACKAGE_STRING "Atari800 1.3.2"
| #define PACKAGE_BUGREPORT "pstehlik@sophics.cz"
| #define HAVE_DIRENT_H 1
| #define STDC_HEADERS 1
| #define HAVE_SYS_TYPES_H 1
| #define HAVE_SYS_STAT_H 1
| #define HAVE_STDLIB_H 1
| #define HAVE_STRING_H 1
| #define HAVE_MEMORY_H 1
| #define HAVE_STRINGS_H 1
| #define HAVE_UNISTD_H 1
| #define HAVE_ARPA_INET_H 1
| #define HAVE_FCNTL_H 1
| #define HAVE_LIMITS_H 1
| #define HAVE_NETDB_H 1
| #define HAVE_NETINET_IN_H 1
| #define HAVE_STDLIB_H 1
| #define HAVE_STRING_H 1
| #define HAVE_STRINGS_H 1
| #define HAVE_SYS_IOCTL_H 1
| #define HAVE_SYS_SOCKET_H 1
| #define HAVE_SYS_TIME_H 1
| #define HAVE_UNISTD_H 1
| #define TIME_WITH_SYS_TIME 1
| #define X11
| #define HAVE_LIBX11 1
| #define HAVE_STDLIB_H 1
| #define HAVE_MALLOC 1
| #define HAVE_SYS_SELECT_H 1
| #define HAVE_SYS_SOCKET_H 1
| #define SELECT_TYPE_ARG1 int
| #define SELECT_TYPE_ARG234 (fd_set *)
| #define SELECT_TYPE_ARG5 (struct timeval *)
| #define RETSIGTYPE void
| #define HAVE_VPRINTF 1
| #define HAVE_ATEXIT 1
| #define HAVE_FLOOR 1
| #define HAVE_GETCWD 1
| #define HAVE_GETTIMEOFDAY 1
| #define HAVE_MEMSET 1
| #define HAVE_MKDIR 1
| #define HAVE_MODF 1
| #define HAVE_RMDIR 1
| #define HAVE_SELECT 1
| /* end confdefs.h.  */
| /* Define socket to an innocuous variant, in case <limits.h> declares socket.
|    For example, HP-UX 11i <limits.h> declares gettimeofday.  */
| #define socket innocuous_socket
| 
| /* System header to define __stub macros and hopefully few prototypes,
|     which can conflict with char socket (); below.
|     Prefer <limits.h> to <assert.h> if __STDC__ is defined, since
|     <limits.h> exists even on freestanding compilers.  */
| 
| #ifdef __STDC__
| # include <limits.h>
| #else
| # include <assert.h>
| #endif
| 
| #undef socket
| 
| /* Override any gcc2 internal prototype to avoid an error.  */
| #ifdef __cplusplus
| extern "C"
| {
| #endif
| /* We use char because int might match the return type of a gcc2
|    builtin and then its argument prototype would still apply.  */
| char socket ();
| /* The GNU C library defines this for functions which it implements
|     to always fail with ENOSYS.  Some functions are actually named
|     something starting with __ and the normal name is an alias.  */
| #if defined (__stub_socket) || defined (__stub___socket)
| choke me
| #else
| char (*f) () = socket;
| #endif
| #ifdef __cplusplus
| }
| #endif
| 
| int
| main ()
| {
| return f != socket;
|   ;
|   return 0;
| }
configure:8504: result: no
configure:8416: checking for strcasecmp
configure:8473: gcc -o conftest.exe -g -O2 -Id:\xfree86\include   -Ld:\xfree86\lib conftest.c -lX11  >&5
conftest.c:91 (y:\tmp\ccc57910): Undefined symbol _strcasecmp referenced from text segment
y:\tmp\ccc57910: Undefined symbol _strcasecmp referenced from data segment
configure:8479: $? = 1
configure: failed program was:
| /* confdefs.h.  */
| 
| #define PACKAGE_NAME "Atari800"
| #define PACKAGE_TARNAME "atari800"
| #define PACKAGE_VERSION "1.3.2"
| #define PACKAGE_STRING "Atari800 1.3.2"
| #define PACKAGE_BUGREPORT "pstehlik@sophics.cz"
| #define HAVE_DIRENT_H 1
| #define STDC_HEADERS 1
| #define HAVE_SYS_TYPES_H 1
| #define HAVE_SYS_STAT_H 1
| #define HAVE_STDLIB_H 1
| #define HAVE_STRING_H 1
| #define HAVE_MEMORY_H 1
| #define HAVE_STRINGS_H 1
| #define HAVE_UNISTD_H 1
| #define HAVE_ARPA_INET_H 1
| #define HAVE_FCNTL_H 1
| #define HAVE_LIMITS_H 1
| #define HAVE_NETDB_H 1
| #define HAVE_NETINET_IN_H 1
| #define HAVE_STDLIB_H 1
| #define HAVE_STRING_H 1
| #define HAVE_STRINGS_H 1
| #define HAVE_SYS_IOCTL_H 1
| #define HAVE_SYS_SOCKET_H 1
| #define HAVE_SYS_TIME_H 1
| #define HAVE_UNISTD_H 1
| #define TIME_WITH_SYS_TIME 1
| #define X11
| #define HAVE_LIBX11 1
| #define HAVE_STDLIB_H 1
| #define HAVE_MALLOC 1
| #define HAVE_SYS_SELECT_H 1
| #define HAVE_SYS_SOCKET_H 1
| #define SELECT_TYPE_ARG1 int
| #define SELECT_TYPE_ARG234 (fd_set *)
| #define SELECT_TYPE_ARG5 (struct timeval *)
| #define RETSIGTYPE void
| #define HAVE_VPRINTF 1
| #define HAVE_ATEXIT 1
| #define HAVE_FLOOR 1
| #define HAVE_GETCWD 1
| #define HAVE_GETTIMEOFDAY 1
| #define HAVE_MEMSET 1
| #define HAVE_MKDIR 1
| #define HAVE_MODF 1
| #define HAVE_RMDIR 1
| #define HAVE_SELECT 1
| /* end confdefs.h.  */
| /* Define strcasecmp to an innocuous variant, in case <limits.h> declares strcasecmp.
|    For example, HP-UX 11i <limits.h> declares gettimeofday.  */
| #define strcasecmp innocuous_strcasecmp
| 
| /* System header to define __stub macros and hopefully few prototypes,
|     which can conflict with char strcasecmp (); below.
|     Prefer <limits.h> to <assert.h> if __STDC__ is defined, since
|     <limits.h> exists even on freestanding compilers.  */
| 
| #ifdef __STDC__
| # include <limits.h>
| #else
| # include <assert.h>
| #endif
| 
| #undef strcasecmp
| 
| /* Override any gcc2 internal prototype to avoid an error.  */
| #ifdef __cplusplus
| extern "C"
| {
| #endif
| /* We use char because int might match the return type of a gcc2
|    builtin and then its argument prototype would still apply.  */
| char strcasecmp ();
| /* The GNU C library defines this for functions which it implements
|     to always fail with ENOSYS.  Some functions are actually named
|     something starting with __ and the normal name is an alias.  */
| #if defined (__stub_strcasecmp) || defined (__stub___strcasecmp)
| choke me
| #else
| char (*f) () = strcasecmp;
| #endif
| #ifdef __cplusplus
| }
| #endif
| 
| int
| main ()
| {
| return f != strcasecmp;
|   ;
|   return 0;
| }
configure:8504: result: no
configure:8416: checking for strchr
configure:8473: gcc -o conftest.exe -g -O2 -Id:\xfree86\include   -Ld:\xfree86\lib conftest.c -lX11  >&5
configure:8479: $? = 0
configure:8483: test -z 
                         || test ! -s conftest.err
configure:8486: $? = 0
configure:8489: test -s conftest.exe
configure:8492: $? = 0
configure:8504: result: yes
configure:8416: checking for strdup
configure:8473: gcc -o conftest.exe -g -O2 -Id:\xfree86\include   -Ld:\xfree86\lib conftest.c -lX11  >&5
configure:8479: $? = 0
configure:8483: test -z 
                         || test ! -s conftest.err
configure:8486: $? = 0
configure:8489: test -s conftest.exe
configure:8492: $? = 0
configure:8504: result: yes
configure:8416: checking for strerror
configure:8473: gcc -o conftest.exe -g -O2 -Id:\xfree86\include   -Ld:\xfree86\lib conftest.c -lX11  >&5
configure:8479: $? = 0
configure:8483: test -z 
                         || test ! -s conftest.err
configure:8486: $? = 0
configure:8489: test -s conftest.exe
configure:8492: $? = 0
configure:8504: result: yes
configure:8416: checking for strrchr
configure:8473: gcc -o conftest.exe -g -O2 -Id:\xfree86\include   -Ld:\xfree86\lib conftest.c -lX11  >&5
configure:8479: $? = 0
configure:8483: test -z 
                         || test ! -s conftest.err
configure:8486: $? = 0
configure:8489: test -s conftest.exe
configure:8492: $? = 0
configure:8504: result: yes
configure:8416: checking for strstr
configure:8473: gcc -o conftest.exe -g -O2 -Id:\xfree86\include   -Ld:\xfree86\lib conftest.c -lX11  >&5
configure:8479: $? = 0
configure:8483: test -z 
                         || test ! -s conftest.err
configure:8486: $? = 0
configure:8489: test -s conftest.exe
configure:8492: $? = 0
configure:8504: result: yes
configure:8416: checking for strtol
configure:8473: gcc -o conftest.exe -g -O2 -Id:\xfree86\include   -Ld:\xfree86\lib conftest.c -lX11  >&5
configure:8479: $? = 0
configure:8483: test -z 
                         || test ! -s conftest.err
configure:8486: $? = 0
configure:8489: test -s conftest.exe
configure:8492: $? = 0
configure:8504: result: yes
configure:8416: checking for mkstemp
configure:8473: gcc -o conftest.exe -g -O2 -Id:\xfree86\include   -Ld:\xfree86\lib conftest.c -lX11  >&5
configure:8479: $? = 0
configure:8483: test -z 
                         || test ! -s conftest.err
configure:8486: $? = 0
configure:8489: test -s conftest.exe
configure:8492: $? = 0
configure:8504: result: yes
configure:8517: checking for unaligned long access validity
configure:8560: gcc -o conftest.exe -g -O2 -Id:\xfree86\include   -Ld:\xfree86\lib conftest.c -lX11  >&5
configure:8563: $? = 0
configure:8565: ./conftest.exe
configure:8568: $? = 0
configure:8582: result: yes
configure:8594: checking for long
configure:8618: gcc -c -g -O2 -Id:\xfree86\include  conftest.c >&5
configure:8624: $? = 0
configure:8628: test -z 
                         || test ! -s conftest.err
configure:8631: $? = 0
configure:8634: test -s conftest.o
configure:8637: $? = 0
configure:8648: result: yes
configure:8651: checking size of long
configure:8970: gcc -o conftest.exe -g -O2 -Id:\xfree86\include   -Ld:\xfree86\lib conftest.c -lX11  >&5
configure:8973: $? = 0
configure:8975: ./conftest.exe
configure:8978: $? = 0
configure:9001: result: 4
configure:9008: checking whether byte ordering is bigendian
configure:9035: gcc -c -g -O2 -Id:\xfree86\include  conftest.c >&5
conftest.c: In function `main':
conftest.c:67: `bogus' undeclared (first use in this function)
conftest.c:67: (Each undeclared identifier is reported only once
conftest.c:67: for each function it appears in.)
conftest.c:67: parse error before `endian'
configure:9041: $? = 1
configure: failed program was:
| /* confdefs.h.  */
| 
| #define PACKAGE_NAME "Atari800"
| #define PACKAGE_TARNAME "atari800"
| #define PACKAGE_VERSION "1.3.2"
| #define PACKAGE_STRING "Atari800 1.3.2"
| #define PACKAGE_BUGREPORT "pstehlik@sophics.cz"
| #define HAVE_DIRENT_H 1
| #define STDC_HEADERS 1
| #define HAVE_SYS_TYPES_H 1
| #define HAVE_SYS_STAT_H 1
| #define HAVE_STDLIB_H 1
| #define HAVE_STRING_H 1
| #define HAVE_MEMORY_H 1
| #define HAVE_STRINGS_H 1
| #define HAVE_UNISTD_H 1
| #define HAVE_ARPA_INET_H 1
| #define HAVE_FCNTL_H 1
| #define HAVE_LIMITS_H 1
| #define HAVE_NETDB_H 1
| #define HAVE_NETINET_IN_H 1
| #define HAVE_STDLIB_H 1
| #define HAVE_STRING_H 1
| #define HAVE_STRINGS_H 1
| #define HAVE_SYS_IOCTL_H 1
| #define HAVE_SYS_SOCKET_H 1
| #define HAVE_SYS_TIME_H 1
| #define HAVE_UNISTD_H 1
| #define TIME_WITH_SYS_TIME 1
| #define X11
| #define HAVE_LIBX11 1
| #define HAVE_STDLIB_H 1
| #define HAVE_MALLOC 1
| #define HAVE_SYS_SELECT_H 1
| #define HAVE_SYS_SOCKET_H 1
| #define SELECT_TYPE_ARG1 int
| #define SELECT_TYPE_ARG234 (fd_set *)
| #define SELECT_TYPE_ARG5 (struct timeval *)
| #define RETSIGTYPE void
| #define HAVE_VPRINTF 1
| #define HAVE_ATEXIT 1
| #define HAVE_FLOOR 1
| #define HAVE_GETCWD 1
| #define HAVE_GETTIMEOFDAY 1
| #define HAVE_MEMSET 1
| #define HAVE_MKDIR 1
| #define HAVE_MODF 1
| #define HAVE_RMDIR 1
| #define HAVE_SELECT 1
| #define HAVE_STRCHR 1
| #define HAVE_STRDUP 1
| #define HAVE_STRERROR 1
| #define HAVE_STRRCHR 1
| #define HAVE_STRSTR 1
| #define HAVE_STRTOL 1
| #define HAVE_MKSTEMP 1
| #define UNALIGNED_LONG_OK
| #define SIZEOF_LONG 4
| /* end confdefs.h.  */
| #include <sys/types.h>
| #include <sys/param.h>
| 
| int
| main ()
| {
| #if !BYTE_ORDER || !BIG_ENDIAN || !LITTLE_ENDIAN
|  bogus endian macros
| #endif
| 
|   ;
|   return 0;
| }
configure:9195: gcc -o conftest.exe -g -O2 -Id:\xfree86\include   -Ld:\xfree86\lib conftest.c -lX11  >&5
configure:9198: $? = 0
configure:9200: ./conftest.exe
configure:9203: $? = 0
configure:9219: result: no
configure:9799: creating ./config.status

## ---------------------- ##
## Running config.status. ##
## ---------------------- ##

This file was extended by Atari800 config.status 1.3.2, which was
generated by GNU Autoconf 2.59.  Invocation command line was

  CONFIG_FILES    = 
  CONFIG_HEADERS  = 
  CONFIG_LINKS    = 
  CONFIG_COMMANDS = 
  $ ./config.status 

on localhost

config.status:658: creating Makefile
config.status:762: creating config.h
config.status:978: config.h is unchanged

## ---------------- ##
## Cache variables. ##
## ---------------- ##

ac_cv_build=i386-pc-os2-emx
ac_cv_build_alias=i386-pc-os2-emx
ac_cv_c_bigendian=no
ac_cv_c_compiler_gnu=yes
ac_cv_c_const=yes
ac_cv_c_inline=inline
ac_cv_c_volatile=yes
ac_cv_env_CC_set=
ac_cv_env_CC_value=
ac_cv_env_CFLAGS_set=
ac_cv_env_CFLAGS_value=
ac_cv_env_CPPFLAGS_set=
ac_cv_env_CPPFLAGS_value=
ac_cv_env_CPP_set=
ac_cv_env_CPP_value=
ac_cv_env_LDFLAGS_set=
ac_cv_env_LDFLAGS_value=
ac_cv_env_build_alias_set=
ac_cv_env_build_alias_value=
ac_cv_env_host_alias_set=
ac_cv_env_host_alias_value=
ac_cv_env_target_alias_set=set
ac_cv_env_target_alias_value=x11
ac_cv_exeext=.exe
ac_cv_func__doprnt=no
ac_cv_func_atexit=yes
ac_cv_func_closedir_void=no
ac_cv_func_floor=yes
ac_cv_func_getcwd=yes
ac_cv_func_gethostbyaddr=no
ac_cv_func_gethostbyname=no
ac_cv_func_gettimeofday=yes
ac_cv_func_inet_ntoa=no
ac_cv_func_lstat_dereferences_slashed_symlink=no
ac_cv_func_malloc_0_nonnull=yes
ac_cv_func_memset=yes
ac_cv_func_mkdir=yes
ac_cv_func_mkstemp=yes
ac_cv_func_modf=yes
ac_cv_func_rmdir=yes
ac_cv_func_select=yes
ac_cv_func_select_args='int,fd_set *,struct timeval *'
ac_cv_func_socket=no
ac_cv_func_stat_empty_string_bug=no
ac_cv_func_strcasecmp=no
ac_cv_func_strchr=yes
ac_cv_func_strdup=yes
ac_cv_func_strerror=yes
ac_cv_func_strrchr=yes
ac_cv_func_strstr=yes
ac_cv_func_strtol=yes
ac_cv_func_vprintf=yes
ac_cv_have_x='have_x=yes                 ac_x_includes=d:\xfree86\include ac_x_libraries=d:\xfree86\lib'
ac_cv_header_OS_h=no
ac_cv_header_arpa_inet_h=yes
ac_cv_header_dirent_dirent_h=yes
ac_cv_header_fcntl_h=yes
ac_cv_header_inttypes_h=no
ac_cv_header_limits_h=yes
ac_cv_header_memory_h=yes
ac_cv_header_netdb_h=yes
ac_cv_header_netinet_in_h=yes
ac_cv_header_stdc=yes
ac_cv_header_stdint_h=no
ac_cv_header_stdlib_h=yes
ac_cv_header_string_h=yes
ac_cv_header_strings_h=yes
ac_cv_header_sys_ioctl_h=yes
ac_cv_header_sys_select_h=yes
ac_cv_header_sys_socket_h=yes
ac_cv_header_sys_stat_h=yes
ac_cv_header_sys_time_h=yes
ac_cv_header_sys_types_h=yes
ac_cv_header_time=yes
ac_cv_header_unistd_h=yes
ac_cv_host=i386-pc-os2-emx
ac_cv_host_alias=i386-pc-os2-emx
ac_cv_lib_X11___main=yes
ac_cv_objext=o
ac_cv_prog_CPP='gcc -E'
ac_cv_prog_ac_ct_CC=gcc
ac_cv_prog_cc_g=yes
ac_cv_prog_cc_stdc=
ac_cv_prog_egrep='grep -E'
ac_cv_prog_gcc_traditional=no
ac_cv_search_opendir='none required'
ac_cv_sizeof_long=4
ac_cv_struct_tm=time.h
ac_cv_type_long=yes
ac_cv_type_signal=void
ac_cv_type_size_t=yes
ac_cv_unaligned_long_ok=yes

## ----------------- ##
## Output variables. ##
## ----------------- ##

CC='gcc'
CFLAGS='-g -O2 -Id:\xfree86\include'
CPP='gcc -E'
CPPFLAGS=''
DEFS='-DHAVE_CONFIG_H'
ECHO_C=''ECHO_N=''
ECHO_T=''
EGREP='grep -E'
EXEEXT='.exe'
INSTALL_DATA='${INSTALL} -m 644'
INSTALL_PROGRAM='${INSTALL}'
INSTALL_SCRIPT='${INSTALL}'
LDFLAGS=' -Ld:\xfree86\lib'
LIBOBJS=' lstat$U.o'
LIBS='-lX11 '
LTLIBOBJS=' lstat$U.lo'
OBJEXT='o'
OBJS='atari_x11.o diskled.o'
PACKAGE_BUGREPORT='pstehlik@sophics.cz'
PACKAGE_NAME='Atari800'
PACKAGE_STRING='Atari800 1.3.2'
PACKAGE_TARNAME='atari800'
PACKAGE_VERSION='1.3.2'
PATH_SEPARATOR=';'
SHELL='y:/bin/sh'
ac_ct_CC='gcc'
bindir='${exec_prefix}/bin'
build='i386-pc-os2-emx'
build_alias=''
build_cpu='i386'
build_os='os2-emx'
build_vendor='pc'
datadir='${prefix}/share'
exec_prefix='${prefix}'
host='i386-pc-os2-emx'
host_alias=''
host_cpu='i386'
host_os='os2-emx'
host_vendor='pc'
includedir='${prefix}/include'
infodir='${prefix}/info'
libdir='${exec_prefix}/lib'
libexecdir='${exec_prefix}/libexec'
localstatedir='${prefix}/var'
mandir='${prefix}/man'
oldincludedir='/usr/include'
prefix='/usr/local'
program_transform_name='s,x,x,'
sbindir='${exec_prefix}/sbin'
sharedstatedir='${prefix}/com'
sysconfdir='${prefix}/etc'
target_alias='x11'

## ----------- ##
## confdefs.h. ##
## ----------- ##

#define CRASH_MENU
#define CYCLE_EXACT
#define HAVE_ARPA_INET_H 1
#define HAVE_ATEXIT 1
#define HAVE_DIRENT_H 1
#define HAVE_FCNTL_H 1
#define HAVE_FLOOR 1
#define HAVE_GETCWD 1
#define HAVE_GETTIMEOFDAY 1
#define HAVE_LIBX11 1
#define HAVE_LIMITS_H 1
#define HAVE_MALLOC 1
#define HAVE_MEMORY_H 1
#define HAVE_MEMSET 1
#define HAVE_MKDIR 1
#define HAVE_MKSTEMP 1
#define HAVE_MODF 1
#define HAVE_NETDB_H 1
#define HAVE_NETINET_IN_H 1
#define HAVE_RMDIR 1
#define HAVE_SELECT 1
#define HAVE_STDLIB_H 1
#define HAVE_STDLIB_H 1
#define HAVE_STDLIB_H 1
#define HAVE_STRCHR 1
#define HAVE_STRDUP 1
#define HAVE_STRERROR 1
#define HAVE_STRINGS_H 1
#define HAVE_STRINGS_H 1
#define HAVE_STRING_H 1
#define HAVE_STRING_H 1
#define HAVE_STRRCHR 1
#define HAVE_STRSTR 1
#define HAVE_STRTOL 1
#define HAVE_SYS_IOCTL_H 1
#define HAVE_SYS_SELECT_H 1
#define HAVE_SYS_SOCKET_H 1
#define HAVE_SYS_SOCKET_H 1
#define HAVE_SYS_STAT_H 1
#define HAVE_SYS_TIME_H 1
#define HAVE_SYS_TYPES_H 1
#define HAVE_UNISTD_H 1
#define HAVE_UNISTD_H 1
#define HAVE_VPRINTF 1
#define MONITOR_ASSEMBLER
#define MONITOR_BREAK
#define MONITOR_HINTS
#define NEW_CYCLE_EXACT
#define PACKAGE_BUGREPORT "pstehlik@sophics.cz"
#define PACKAGE_NAME "Atari800"
#define PACKAGE_STRING "Atari800 1.3.2"
#define PACKAGE_TARNAME "atari800"
#define PACKAGE_VERSION "1.3.2"
#define RETSIGTYPE void
#define SELECT_TYPE_ARG1 int
#define SELECT_TYPE_ARG234 (fd_set *)
#define SELECT_TYPE_ARG5 (struct timeval *)
#define SHOW_DISK_LED
#define SIZEOF_LONG 4
#define STDC_HEADERS 1
#define TIME_WITH_SYS_TIME 1
#define UNALIGNED_LONG_OK
#define X11

configure: exit 0
